{
  "stats": {
    "suites": 5,
    "tests": 16,
    "passes": 16,
    "pending": 0,
    "failures": 0,
    "start": "2022-01-22T09:42:17.230Z",
    "end": "2022-01-22T09:48:00.938Z",
    "duration": 343708,
    "testsRegistered": 16,
    "passPercent": 100,
    "pendingPercent": 0,
    "other": 0,
    "hasOther": false,
    "skipped": 0,
    "hasSkipped": false
  },
  "results": [
    {
      "uuid": "06084db5-d380-47af-a378-6b3b38f0532a",
      "title": "",
      "fullFile": "",
      "file": "",
      "beforeHooks": [],
      "afterHooks": [
        {
          "title": "\"after each\" hook: ret in \"{root}\"",
          "fullTitle": "\"after each\" hook: ret in \"{root}\"",
          "timedOut": false,
          "duration": 0,
          "state": null,
          "speed": null,
          "pass": false,
          "fail": false,
          "pending": false,
          "context": null,
          "code": "if (hooks.afterEach) { \n  return hooks.afterEach();\n}",
          "err": {},
          "uuid": "635711a3-9d81-492a-bce7-0dedc51282ba",
          "parentUUID": "06084db5-d380-47af-a378-6b3b38f0532a",
          "isHook": true,
          "skipped": false
        }
      ],
      "tests": [],
      "suites": [
        {
          "uuid": "3d159304-3dfd-4df9-9f3a-ee305edc565b",
          "title": "Page header",
          "fullFile": "C:\\Users\\Ginkko\\VSCodeProjects\\ATM_Module_9\\test\\specs\\1_header.spec.js",
          "file": "\\test\\specs\\1_header.spec.js",
          "beforeHooks": [
            {
              "title": "\"before each\" hook: ret in \"Page header\"",
              "fullTitle": "Page header \"before each\" hook: ret in \"Page header\"",
              "timedOut": false,
              "duration": 17701,
              "state": null,
              "speed": null,
              "pass": false,
              "fail": false,
              "pending": false,
              "context": null,
              "code": "browser.manage().window().maximize();\npage = PageFactory.getPage('Home');\nawait page.open();\nawait page.setLanguage('English');\n// await page.wait(2000);",
              "err": {},
              "uuid": "b2d01cb9-9d65-4e72-b32c-aaba9a4742e4",
              "parentUUID": "3d159304-3dfd-4df9-9f3a-ee305edc565b",
              "isHook": true,
              "skipped": false
            }
          ],
          "afterHooks": [],
          "tests": [
            {
              "title": "should have 4 menu items",
              "fullTitle": "Page header should have 4 menu items",
              "timedOut": false,
              "duration": 15413,
              "state": "passed",
              "speed": "slow",
              "pass": true,
              "fail": false,
              "pending": false,
              "context": null,
              "code": "const countOfMenuItems = await page\n    .header.menuItems.getCount();\nexpect(countOfMenuItems).to.equal(4);",
              "err": {},
              "uuid": "94f59132-a590-4dfa-969a-0a5a36c0cbb4",
              "parentUUID": "3d159304-3dfd-4df9-9f3a-ee305edc565b",
              "isHook": false,
              "skipped": false
            },
            {
              "title": "menu items should have correct titles",
              "fullTitle": "Page header menu items should have correct titles",
              "timedOut": false,
              "duration": 134,
              "state": "passed",
              "speed": "slow",
              "pass": true,
              "fail": false,
              "pending": false,
              "context": null,
              "code": "const expectedMenuItemsTitles = ['TRAINING LIST', 'ABOUT', 'BLOG', 'FAQ'];\nconst titlesAreCorrect = await page\n    .header.menuItems.verifyTexts(expectedMenuItemsTitles);\nexpect(titlesAreCorrect).to.be.true;",
              "err": {},
              "uuid": "73b198a5-12ee-440b-96bd-a48d99d83b2e",
              "parentUUID": "3d159304-3dfd-4df9-9f3a-ee305edc565b",
              "isHook": false,
              "skipped": false
            }
          ],
          "suites": [],
          "passes": [
            "94f59132-a590-4dfa-969a-0a5a36c0cbb4",
            "73b198a5-12ee-440b-96bd-a48d99d83b2e"
          ],
          "failures": [],
          "pending": [],
          "skipped": [],
          "duration": 15547,
          "root": false,
          "rootEmpty": false,
          "_timeout": 1000000
        },
        {
          "uuid": "6432e7b1-b2c3-40d1-8bfc-33386dd3310d",
          "title": "Page footer",
          "fullFile": "C:\\Users\\Ginkko\\VSCodeProjects\\ATM_Module_9\\test\\specs\\2_footer.spec.js",
          "file": "\\test\\specs\\2_footer.spec.js",
          "beforeHooks": [
            {
              "title": "\"before each\" hook: ret in \"Page footer\"",
              "fullTitle": "Page footer \"before each\" hook: ret in \"Page footer\"",
              "timedOut": false,
              "duration": 13659,
              "state": null,
              "speed": null,
              "pass": false,
              "fail": false,
              "pending": false,
              "context": null,
              "code": "browser.manage().window().maximize();\npage = PageFactory.getPage('Home');\nawait page.open();\nawait page.setLanguage('English');\nawait page.acceptCookies();\nawait page.scrollToEnd();",
              "err": {},
              "uuid": "d96ea22e-68c2-4731-b271-32e2066e6781",
              "parentUUID": "6432e7b1-b2c3-40d1-8bfc-33386dd3310d",
              "isHook": true,
              "skipped": false
            }
          ],
          "afterHooks": [],
          "tests": [
            {
              "title": "should have 4 links",
              "fullTitle": "Page footer should have 4 links",
              "timedOut": false,
              "duration": 22,
              "state": "passed",
              "speed": "fast",
              "pass": true,
              "fail": false,
              "pending": false,
              "context": null,
              "code": "const countOfLinks = await page\n    .footer.links.getCount();\nexpect(countOfLinks).to.equal(4);",
              "err": {},
              "uuid": "207a2743-4f7c-4ebf-b978-6fb3a5b9ca12",
              "parentUUID": "6432e7b1-b2c3-40d1-8bfc-33386dd3310d",
              "isHook": false,
              "skipped": false
            },
            {
              "title": "links should have correct titles",
              "fullTitle": "Page footer links should have correct titles",
              "timedOut": false,
              "duration": 91,
              "state": "passed",
              "speed": "slow",
              "pass": true,
              "fail": false,
              "pending": false,
              "context": null,
              "code": "const expectedLinksTitles =\n    ['INVESTOR RELATIONS', 'CONTACT', 'PRIVACY POLICY', 'PRIVACY NOTICE'];\nconst titlesAreCorrect = await page\n    .footer.links.verifyTexts(expectedLinksTitles);\nexpect(titlesAreCorrect).to.be.true;",
              "err": {},
              "uuid": "e61aaa2c-5932-474d-a67d-3ebbb82a61c3",
              "parentUUID": "6432e7b1-b2c3-40d1-8bfc-33386dd3310d",
              "isHook": false,
              "skipped": false
            }
          ],
          "suites": [],
          "passes": [
            "207a2743-4f7c-4ebf-b978-6fb3a5b9ca12",
            "e61aaa2c-5932-474d-a67d-3ebbb82a61c3"
          ],
          "failures": [],
          "pending": [],
          "skipped": [],
          "duration": 113,
          "root": false,
          "rootEmpty": false,
          "_timeout": 1000000
        },
        {
          "uuid": "77d42cc0-a780-47cf-8ba7-1e90de7e187a",
          "title": "Home page",
          "fullFile": "C:\\Users\\Ginkko\\VSCodeProjects\\ATM_Module_9\\test\\specs\\3_home.spec.js",
          "file": "\\test\\specs\\3_home.spec.js",
          "beforeHooks": [
            {
              "title": "\"before each\" hook: ret in \"Home page\"",
              "fullTitle": "Home page \"before each\" hook: ret in \"Home page\"",
              "timedOut": false,
              "duration": 40636,
              "state": null,
              "speed": null,
              "pass": false,
              "fail": false,
              "pending": false,
              "context": null,
              "code": "browser.restart();\npage = PageFactory.getPage('Home');\nawait page.open();\nawait page.setLanguage('English');\nawait page.acceptCookies();",
              "err": {},
              "uuid": "df054a58-d3bb-4a51-8084-0f534a72fed9",
              "parentUUID": "77d42cc0-a780-47cf-8ba7-1e90de7e187a",
              "isHook": true,
              "skipped": false
            }
          ],
          "afterHooks": [],
          "tests": [
            {
              "title": "correct names for Kazakhstan cities in search filter",
              "fullTitle": "Home page correct names for Kazakhstan cities in search filter",
              "timedOut": false,
              "duration": 3797,
              "state": "passed",
              "speed": "slow",
              "pass": true,
              "fail": false,
              "pending": false,
              "context": null,
              "code": "const expectedCityNames = ['Nur-Sultan', 'Karaganda', 'Almaty'];\nawait page.clearLocationsButton.click();\nawait page.scrollDown(500);\nawait page.searchFilter.click();\nconst countryOptions = await page.getCountryOptions();\nawait countryOptions.clickElementByText('Kazakhstan');\nconst textsAreCorrect = await page\n    .cityOptions.verifyTexts(expectedCityNames);\nexpect(textsAreCorrect).to.be.true;",
              "err": {},
              "uuid": "6828d5dc-4b83-446a-9816-11d6c83712f8",
              "parentUUID": "77d42cc0-a780-47cf-8ba7-1e90de7e187a",
              "isHook": false,
              "skipped": false
            },
            {
              "title": "correct names for Indian cities in search filter",
              "fullTitle": "Home page correct names for Indian cities in search filter",
              "timedOut": false,
              "duration": 3610,
              "state": "passed",
              "speed": "slow",
              "pass": true,
              "fail": false,
              "pending": false,
              "context": null,
              "code": "const expectedCityNames =\n    ['Hyderabad', 'Pune', 'Gurgaon', 'Chennai', 'Bangalore'];\nawait page.clearLocationsButton.click();\nawait page.scrollDown(500);\nawait page.searchFilter.click();\nconst countryOptions = await page.getCountryOptions();\nawait countryOptions.clickElementByText('India');\nconst textsAreCorrect = await page\n    .cityOptions.verifyTexts(expectedCityNames);\nexpect(textsAreCorrect).to.be.true;",
              "err": {},
              "uuid": "bdac8215-fd40-414d-b231-8cfb2aef9836",
              "parentUUID": "77d42cc0-a780-47cf-8ba7-1e90de7e187a",
              "isHook": false,
              "skipped": false
            },
            {
              "title": "shows selected location filters for trainings as applied",
              "fullTitle": "Home page shows selected location filters for trainings as applied",
              "timedOut": false,
              "duration": 6372,
              "state": "passed",
              "speed": "slow",
              "pass": true,
              "fail": false,
              "pending": false,
              "context": null,
              "code": "const countryInput = 'Kazakhstan';\nconst citiesInput = ['Nur-Sultan', 'Karaganda'];\nawait page.clearLocationsButton.click();\nawait page.scrollDown(500);\nawait page.searchFilter.click();\nconst countryOptions = await page.getCountryOptions();\nawait countryOptions.clickElementByText(countryInput);\nawait page.cityOptions.clickAllByTexts(citiesInput);\nawait page.searchFilter.click();\nconst selectedLocationsAreShown =\n    await page.selectedLocations.verifyTexts(citiesInput, true);\nexpect(selectedLocationsAreShown).to.be.true;",
              "err": {},
              "uuid": "188ff8b6-6f2d-440c-9d46-3408743b5a49",
              "parentUUID": "77d42cc0-a780-47cf-8ba7-1e90de7e187a",
              "isHook": false,
              "skipped": false
            },
            {
              "title": "shows selected skills filters for trainings as applied",
              "fullTitle": "Home page shows selected skills filters for trainings as applied",
              "timedOut": false,
              "duration": 6838,
              "state": "passed",
              "speed": "slow",
              "pass": true,
              "fail": false,
              "pending": false,
              "context": null,
              "code": "const skillsInput = ['Automated Testing', 'Data & Analytics'];\nawait page.clearLocationsButton.click();\nawait page.scrollDown(500);\nawait page.searchFilter.click();\nawait page.getCountryOptions();\nawait page.skillsTabButton.click();\nawait page.skillOptions.clickAllByTexts(skillsInput);\nawait page.searchFilter.click();\nconst selectedSkillsAreShown =\n    await page.selectedSkills.verifyTexts(skillsInput, true);\nexpect(selectedSkillsAreShown).to.be.true;",
              "err": {},
              "uuid": "d5ae39b1-3a64-4277-b0bb-aadd114e694a",
              "parentUUID": "77d42cc0-a780-47cf-8ba7-1e90de7e187a",
              "isHook": false,
              "skipped": false
            },
            {
              "title": "shows selected types filters for trainings as applied",
              "fullTitle": "Home page shows selected types filters for trainings as applied",
              "timedOut": false,
              "duration": 7343,
              "state": "passed",
              "speed": "slow",
              "pass": true,
              "fail": false,
              "pending": false,
              "context": null,
              "code": "const typesInput = ['Training', 'English', 'Russian'];\nawait page.clearLocationsButton.click();\nawait page.scrollDown(500);\nawait page.searchFilter.click();\nawait page.getCountryOptions();\nawait page.typesTabButton.click();\nawait page.typeOptions.clickAllByTexts(typesInput);\nawait page.searchFilter.click();\nconst selectedTypesAreShown =\n    await page.selectedTypes.verifyTexts(typesInput, true);\nexpect(selectedTypesAreShown).to.be.true;",
              "err": {},
              "uuid": "19f914af-448c-43f3-9c36-fb4445ee830a",
              "parentUUID": "77d42cc0-a780-47cf-8ba7-1e90de7e187a",
              "isHook": false,
              "skipped": false
            }
          ],
          "suites": [],
          "passes": [
            "6828d5dc-4b83-446a-9816-11d6c83712f8",
            "bdac8215-fd40-414d-b231-8cfb2aef9836",
            "188ff8b6-6f2d-440c-9d46-3408743b5a49",
            "d5ae39b1-3a64-4277-b0bb-aadd114e694a",
            "19f914af-448c-43f3-9c36-fb4445ee830a"
          ],
          "failures": [],
          "pending": [],
          "skipped": [],
          "duration": 27960,
          "root": false,
          "rootEmpty": false,
          "_timeout": 1000000
        },
        {
          "uuid": "53aa80fc-f47b-4cdb-ba9d-e7090e4243c5",
          "title": "Blog page",
          "fullFile": "C:\\Users\\Ginkko\\VSCodeProjects\\ATM_Module_9\\test\\specs\\4_blog.spec.js",
          "file": "\\test\\specs\\4_blog.spec.js",
          "beforeHooks": [
            {
              "title": "\"before each\" hook: ret in \"Blog page\"",
              "fullTitle": "Blog page \"before each\" hook: ret in \"Blog page\"",
              "timedOut": false,
              "duration": 1994,
              "state": null,
              "speed": null,
              "pass": false,
              "fail": false,
              "pending": false,
              "context": null,
              "code": "browser.manage().window().maximize();\npage = PageFactory.getPage('Blog');\nawait page.open();\nawait page.setLanguage('English');\nawait page.acceptCookies();",
              "err": {},
              "uuid": "1879d9c8-19a4-4288-a06e-683b71332ec3",
              "parentUUID": "53aa80fc-f47b-4cdb-ba9d-e7090e4243c5",
              "isHook": true,
              "skipped": false
            }
          ],
          "afterHooks": [],
          "tests": [
            {
              "title": "has 6 categories",
              "fullTitle": "Blog page has 6 categories",
              "timedOut": false,
              "duration": 22,
              "state": "passed",
              "speed": "fast",
              "pass": true,
              "fail": false,
              "pending": false,
              "context": null,
              "code": "const categoriesCount = await page.categories.getCount();\nexpect(categoriesCount).to.equal(6);",
              "err": {},
              "uuid": "adc281cf-7ea9-4295-b1bd-5f1c3bceae60",
              "parentUUID": "53aa80fc-f47b-4cdb-ba9d-e7090e4243c5",
              "isHook": false,
              "skipped": false
            },
            {
              "title": "categories have correct titles",
              "fullTitle": "Blog page categories have correct titles",
              "timedOut": false,
              "duration": 140,
              "state": "passed",
              "speed": "slow",
              "pass": true,
              "fail": false,
              "pending": false,
              "context": null,
              "code": "const expectedCategoryTitles = ['NEWS', 'REAL STORIES', 'MATERIALS',\n  'HARD SKILLS', 'SOFT SKILLS', 'EVENTS'];\nconst titlesAreCorrect =\n  await page.categories.verifyTexts(expectedCategoryTitles);\nexpect(titlesAreCorrect).to.be.true;",
              "err": {},
              "uuid": "5af48925-e2f7-4acd-b7da-66efca17e391",
              "parentUUID": "53aa80fc-f47b-4cdb-ba9d-e7090e4243c5",
              "isHook": false,
              "skipped": false
            },
            {
              "title": "has 30 items in \"Our skills\" section",
              "fullTitle": "Blog page has 30 items in \"Our skills\" section",
              "timedOut": false,
              "duration": 58,
              "state": "passed",
              "speed": "medium",
              "pass": true,
              "fail": false,
              "pending": false,
              "context": null,
              "code": "const ourSkillsCount = await page.ourSkills.getCount();\nexpect(ourSkillsCount).to.equal(30);",
              "err": {},
              "uuid": "8e965934-2996-4b69-9525-d3da2cfabcf9",
              "parentUUID": "53aa80fc-f47b-4cdb-ba9d-e7090e4243c5",
              "isHook": false,
              "skipped": false
            },
            {
              "title": "shows only posts from the selected category",
              "fullTitle": "Blog page shows only posts from the selected category",
              "timedOut": false,
              "duration": 2070,
              "state": "passed",
              "speed": "slow",
              "pass": true,
              "fail": false,
              "pending": false,
              "context": null,
              "code": "await page.categories.clickElementByText('HARD SKILLS');\nconst allLabelsHaveCorrectCategory =\n  await page.categoryLabelsInPosts.checkEachTextEquals('HARD SKILLS');\nexpect(allLabelsHaveCorrectCategory).to.be.true;",
              "err": {},
              "uuid": "3432ffd1-7ef6-4e5e-8578-d93d026fd574",
              "parentUUID": "53aa80fc-f47b-4cdb-ba9d-e7090e4243c5",
              "isHook": false,
              "skipped": false
            },
            {
              "title": "shows maximum 7 posts in a category by default",
              "fullTitle": "Blog page shows maximum 7 posts in a category by default",
              "timedOut": false,
              "duration": 1848,
              "state": "passed",
              "speed": "slow",
              "pass": true,
              "fail": false,
              "pending": false,
              "context": null,
              "code": "await page.categories.clickElementByText('HARD SKILLS');\nconst postsCount = await page.posts.getCount();\nexpect(postsCount).to.equal(7);",
              "err": {},
              "uuid": "acaa325e-f65c-4972-84a6-5b18655a8dc7",
              "parentUUID": "53aa80fc-f47b-4cdb-ba9d-e7090e4243c5",
              "isHook": false,
              "skipped": false
            },
            {
              "title": "shows 7 more posts when \"View more\" button clicked",
              "fullTitle": "Blog page shows 7 more posts when \"View more\" button clicked",
              "timedOut": false,
              "duration": 3640,
              "state": "passed",
              "speed": "slow",
              "pass": true,
              "fail": false,
              "pending": false,
              "context": null,
              "code": "await page.categories.clickElementByText('HARD SKILLS');\nawait page.viewMoreButton.click();\nconst postsCount = await page.posts.getCount();\nexpect(postsCount).to.equal(14);",
              "err": {},
              "uuid": "d5f5c555-1bc6-4047-b281-7e2d81ea98e9",
              "parentUUID": "53aa80fc-f47b-4cdb-ba9d-e7090e4243c5",
              "isHook": false,
              "skipped": false
            }
          ],
          "suites": [],
          "passes": [
            "adc281cf-7ea9-4295-b1bd-5f1c3bceae60",
            "5af48925-e2f7-4acd-b7da-66efca17e391",
            "8e965934-2996-4b69-9525-d3da2cfabcf9",
            "3432ffd1-7ef6-4e5e-8578-d93d026fd574",
            "acaa325e-f65c-4972-84a6-5b18655a8dc7",
            "d5f5c555-1bc6-4047-b281-7e2d81ea98e9"
          ],
          "failures": [],
          "pending": [],
          "skipped": [],
          "duration": 7778,
          "root": false,
          "rootEmpty": false,
          "_timeout": 1000000
        },
        {
          "uuid": "0f34840f-3553-449a-98be-3822957b9cf1",
          "title": "Feedback window",
          "fullFile": "C:\\Users\\Ginkko\\VSCodeProjects\\ATM_Module_9\\test\\specs\\5_feedback.spec.js",
          "file": "\\test\\specs\\5_feedback.spec.js",
          "beforeHooks": [
            {
              "title": "\"before each\" hook: ret in \"Feedback window\"",
              "fullTitle": "Feedback window \"before each\" hook: ret in \"Feedback window\"",
              "timedOut": false,
              "duration": 750,
              "state": null,
              "speed": null,
              "pass": false,
              "fail": false,
              "pending": false,
              "context": null,
              "code": "browser.manage().window().maximize();\npage = PageFactory.getPage('Home');\nawait page.open();",
              "err": {},
              "uuid": "f71e06eb-7336-460c-8cd6-c9d840a9a5cc",
              "parentUUID": "0f34840f-3553-449a-98be-3822957b9cf1",
              "isHook": true,
              "skipped": false
            }
          ],
          "afterHooks": [],
          "tests": [
            {
              "title": "cut and paste text",
              "fullTitle": "Feedback window cut and paste text",
              "timedOut": false,
              "duration": 4494,
              "state": "passed",
              "speed": "slow",
              "pass": true,
              "fail": false,
              "pending": false,
              "context": null,
              "code": "const inputText = 'Some random text in field';\nawait page.openFeedbackWindow();\nawait page.feedbackWindow.email.type(inputText);\nawait page.cutTextFromField(page.feedbackWindow.email);\nawait page.pasteTextInField(page.feedbackWindow.message);\nconst textInMessageField =\n    await page.feedbackWindow.message.getTextFromInput();\nexpect(textInMessageField).to.equal(inputText);",
              "err": {},
              "uuid": "a8182021-3842-426b-9980-a51eabb04e6b",
              "parentUUID": "0f34840f-3553-449a-98be-3822957b9cf1",
              "isHook": false,
              "skipped": false
            }
          ],
          "suites": [],
          "passes": [
            "a8182021-3842-426b-9980-a51eabb04e6b"
          ],
          "failures": [],
          "pending": [],
          "skipped": [],
          "duration": 4494,
          "root": false,
          "rootEmpty": false,
          "_timeout": 1000000
        }
      ],
      "passes": [],
      "failures": [],
      "pending": [],
      "skipped": [],
      "duration": 0,
      "root": true,
      "rootEmpty": true,
      "_timeout": 1000000
    }
  ],
  "meta": {
    "mocha": {
      "version": "9.1.3"
    },
    "mochawesome": {
      "options": {
        "quiet": false,
        "reportFilename": "mochawesome",
        "saveHtml": true,
        "saveJson": true,
        "consoleReporter": "spec",
        "useInlineDiffs": false,
        "code": true
      },
      "version": "7.0.1"
    },
    "marge": {
      "options": null,
      "version": "6.0.1"
    }
  }
}